Build started 4/9/2016 1:55:33 AM.
     1>Project "F:\google_drive\project_STM32\VS2012\Project_AFM_Controller_VS\Project_AFM_Controller_VS\Project_AFM_Controller_VS.vcxproj" on node 2 (Clean target(s)).
     1>CoreClean:
         "C:\Program Files (x86)\Sysprogs\VisualGDB\VisualGDB.exe" /clean "F:\google_drive\project_STM32\VS2012\Project_AFM_Controller_VS\Project_AFM_Controller_VS\Project_AFM_Controller_VS.vcxproj" "/solution:F:\google_drive\project_STM32\VS2012\Project_AFM_Controller_VS\Project_AFM_Controller_VS.sln" "/config:Debug" "/platform:Win32"
         VisualGDB: Run "cmd.exe /c "C:\SysGCC\arm-eabi\bin\make.exe" CONFIG=Debug clean -j8" in directory "F:\google_drive\project_STM32\VS2012\Project_AFM_Controller_VS\Project_AFM_Controller_VS" on local computer
         cmd /C del /S /Q Debug
         Deleted file - F:\google_drive\project_STM32\VS2012\Project_AFM_Controller_VS\Project_AFM_Controller_VS\Debug\ADC_Chain.dep
         Deleted file - F:\google_drive\project_STM32\VS2012\Project_AFM_Controller_VS\Project_AFM_Controller_VS\Debug\ADC_Chain.o
         Deleted file - F:\google_drive\project_STM32\VS2012\Project_AFM_Controller_VS\Project_AFM_Controller_VS\Debug\ADC_Temperature.dep
         Deleted file - F:\google_drive\project_STM32\VS2012\Project_AFM_Controller_VS\Project_AFM_Controller_VS\Debug\ADC_Temperature.o
         Deleted file - F:\google_drive\project_STM32\VS2012\Project_AFM_Controller_VS\Project_AFM_Controller_VS\Debug\AFM_functions.dep
         Deleted file - F:\google_drive\project_STM32\VS2012\Project_AFM_Controller_VS\Project_AFM_Controller_VS\Debug\AFM_functions.o
         Deleted file - F:\google_drive\project_STM32\VS2012\Project_AFM_Controller_VS\Project_AFM_Controller_VS\Debug\analogin_api.dep
         Deleted file - F:\google_drive\project_STM32\VS2012\Project_AFM_Controller_VS\Project_AFM_Controller_VS\Debug\analogin_api.o
         Deleted file - F:\google_drive\project_STM32\VS2012\Project_AFM_Controller_VS\Project_AFM_Controller_VS\Debug\analogout_api.dep
         Deleted file - F:\google_drive\project_STM32\VS2012\Project_AFM_Controller_VS\Project_AFM_Controller_VS\Debug\analogout_api.o
         Deleted file - F:\google_drive\project_STM32\VS2012\Project_AFM_Controller_VS\Project_AFM_Controller_VS\Debug\assert.dep
         Deleted file - F:\google_drive\project_STM32\VS2012\Project_AFM_Controller_VS\Project_AFM_Controller_VS\Debug\assert.o
         Deleted file - F:\google_drive\project_STM32\VS2012\Project_AFM_Controller_VS\Project_AFM_Controller_VS\Debug\board.dep
         Deleted file - F:\google_drive\project_STM32\VS2012\Project_AFM_Controller_VS\Project_AFM_Controller_VS\Debug\board.o
         Deleted file - F:\google_drive\project_STM32\VS2012\Project_AFM_Controller_VS\Project_AFM_Controller_VS\Debug\BusIn.dep
         Deleted file - F:\google_drive\project_STM32\VS2012\Project_AFM_Controller_VS\Project_AFM_Controller_VS\Debug\BusIn.o
         Deleted file - F:\google_drive\project_STM32\VS2012\Project_AFM_Controller_VS\Project_AFM_Controller_VS\Debug\BusInOut.dep
         Deleted file - F:\google_drive\project_STM32\VS2012\Project_AFM_Controller_VS\Project_AFM_Controller_VS\Debug\BusInOut.o
         Deleted file - F:\google_drive\project_STM32\VS2012\Project_AFM_Controller_VS\Project_AFM_Controller_VS\Debug\BusOut.dep
         Deleted file - F:\google_drive\project_STM32\VS2012\Project_AFM_Controller_VS\Project_AFM_Controller_VS\Debug\BusOut.o
         Deleted file - F:\google_drive\project_STM32\VS2012\Project_AFM_Controller_VS\Project_AFM_Controller_VS\Debug\CallChain.dep
         Deleted file - F:\google_drive\project_STM32\VS2012\Project_AFM_Controller_VS\Project_AFM_Controller_VS\Debug\CallChain.o
         Deleted file - F:\google_drive\project_STM32\VS2012\Project_AFM_Controller_VS\Project_AFM_Controller_VS\Debug\CAN.dep
         Deleted file - F:\google_drive\project_STM32\VS2012\Project_AFM_Controller_VS\Project_AFM_Controller_VS\Debug\CAN.o
         Deleted file - F:\google_drive\project_STM32\VS2012\Project_AFM_Controller_VS\Project_AFM_Controller_VS\Debug\cmsis_nvic.dep
         Deleted file - F:\google_drive\project_STM32\VS2012\Project_AFM_Controller_VS\Project_AFM_Controller_VS\Debug\cmsis_nvic.o
         Deleted file - F:\google_drive\project_STM32\VS2012\Project_AFM_Controller_VS\Project_AFM_Controller_VS\Debug\DAC.dep
         Deleted file - F:\google_drive\project_STM32\VS2012\Project_AFM_Controller_VS\Project_AFM_Controller_VS\Debug\DAC.o
         Deleted file - F:\google_drive\project_STM32\VS2012\Project_AFM_Controller_VS\Project_AFM_Controller_VS\Debug\define_AFM_hardware.dep
         Deleted file - F:\google_drive\project_STM32\VS2012\Project_AFM_Controller_VS\Project_AFM_Controller_VS\Debug\define_AFM_hardware.o
         Deleted file - F:\google_drive\project_STM32\VS2012\Project_AFM_Controller_VS\Project_AFM_Controller_VS\Debug\define_AFM_platform.dep
         Deleted file - F:\google_drive\project_STM32\VS2012\Project_AFM_Controller_VS\Project_AFM_Controller_VS\Debug\define_AFM_platform.o
         Deleted file - F:\google_drive\project_STM32\VS2012\Project_AFM_Controller_VS\Project_AFM_Controller_VS\Debug\error.dep
         Deleted file - F:\google_drive\project_STM32\VS2012\Project_AFM_Controller_VS\Project_AFM_Controller_VS\Debug\error.o
         Deleted file - F:\google_drive\project_STM32\VS2012\Project_AFM_Controller_VS\Project_AFM_Controller_VS\Debug\Ethernet.dep
         Deleted file - F:\google_drive\project_STM32\VS2012\Project_AFM_Controller_VS\Project_AFM_Controller_VS\Debug\Ethernet.o
         Deleted file - F:\google_drive\project_STM32\VS2012\Project_AFM_Controller_VS\Project_AFM_Controller_VS\Debug\FileBase.dep
         Deleted file - F:\google_drive\project_STM32\VS2012\Project_AFM_Controller_VS\Project_AFM_Controller_VS\Debug\FileBase.o
         Deleted file - F:\google_drive\project_STM32\VS2012\Project_AFM_Controller_VS\Project_AFM_Controller_VS\Debug\FileLike.dep
         Deleted file - F:\google_drive\project_STM32\VS2012\Project_AFM_Controller_VS\Project_AFM_Controller_VS\Debug\FileLike.o
         Deleted file - F:\google_drive\project_STM32\VS2012\Project_AFM_Controller_VS\Project_AFM_Controller_VS\Debug\FilePath.dep
         Deleted file - F:\google_drive\project_STM32\VS2012\Project_AFM_Controller_VS\Project_AFM_Controller_VS\Debug\FilePath.o
         Deleted file - F:\google_drive\project_STM32\VS2012\Project_AFM_Controller_VS\Project_AFM_Controller_VS\Debug\FileSystemLike.dep
         Deleted file - F:\google_drive\project_STM32\VS2012\Project_AFM_Controller_VS\Project_AFM_Controller_VS\Debug\FileSystemLike.o
         Deleted file - F:\google_drive\project_STM32\VS2012\Project_AFM_Controller_VS\Project_AFM_Controller_VS\Debug\gpio.dep
         Deleted file - F:\google_drive\project_STM32\VS2012\Project_AFM_Controller_VS\Project_AFM_Controller_VS\Debug\gpio.o
         Deleted file - F:\google_drive\project_STM32\VS2012\Project_AFM_Controller_VS\Project_AFM_Controller_VS\Debug\gpio_api.dep
         Deleted file - F:\google_drive\project_STM32\VS2012\Project_AFM_Controller_VS\Project_AFM_Controller_VS\Debug\gpio_api.o
         Deleted file - F:\google_drive\project_STM32\VS2012\Project_AFM_Controller_VS\Project_AFM_Controller_VS\Debug\gpio_irq_api.dep
         Deleted file - F:\google_drive\project_STM32\VS2012\Project_AFM_Controller_VS\Project_AFM_Controller_VS\Debug\gpio_irq_api.o
         Deleted file - F:\google_drive\project_STM32\VS2012\Project_AFM_Controller_VS\Project_AFM_Controller_VS\Debug\hal_tick.dep
         The process cannot access the file because it is being used by another process.
         Deleted file - F:\google_drive\project_STM32\VS2012\Project_AFM_Controller_VS\Project_AFM_Controller_VS\Debug\hal_tick.o
         Deleted file - F:\google_drive\project_STM32\VS2012\Project_AFM_Controller_VS\Project_AFM_Controller_VS\Debug\I2C.dep
         Deleted file - F:\google_drive\project_STM32\VS2012\Project_AFM_Controller_VS\Project_AFM_Controller_VS\Debug\I2C.o
         Deleted file - F:\google_drive\project_STM32\VS2012\Project_AFM_Controller_VS\Project_AFM_Controller_VS\Debug\I2CSlave.dep
         Deleted file - F:\google_drive\project_STM32\VS2012\Project_AFM_Controller_VS\Project_AFM_Controller_VS\Debug\I2CSlave.o
         Deleted file - F:\google_drive\project_STM32\VS2012\Project_AFM_Controller_VS\Project_AFM_Controller_VS\Debug\i2c_api.dep
         Deleted file - F:\google_drive\project_STM32\VS2012\Project_AFM_Controller_VS\Project_AFM_Controller_VS\Debug\i2c_api.o
         Deleted file - F:\google_drive\project_STM32\VS2012\Project_AFM_Controller_VS\Project_AFM_Controller_VS\Debug\InterruptIn.dep
         Deleted file - F:\google_drive\project_STM32\VS2012\Project_AFM_Controller_VS\Project_AFM_Controller_VS\Debug\InterruptIn.o
         Deleted file - F:\google_drive\project_STM32\VS2012\Project_AFM_Controller_VS\Project_AFM_Controller_VS\Debug\InterruptManager.dep
         Deleted file - F:\google_drive\project_STM32\VS2012\Project_AFM_Controller_VS\Project_AFM_Controller_VS\Debug\InterruptManager.o
         Deleted file - F:\google_drive\project_STM32\VS2012\Project_AFM_Controller_VS\Project_AFM_Controller_VS\Debug\LocalFileSystem.dep
         Deleted file - F:\google_drive\project_STM32\VS2012\Project_AFM_Controller_VS\Project_AFM_Controller_VS\Debug\LocalFileSystem.o
         Deleted file - F:\google_drive\project_STM32\VS2012\Project_AFM_Controller_VS\Project_AFM_Controller_VS\Debug\lp_ticker_api.dep
         Deleted file - F:\google_drive\project_STM32\VS2012\Project_AFM_Controller_VS\Project_AFM_Controller_VS\Debug\lp_ticker_api.o
         Deleted file - F:\google_drive\project_STM32\VS2012\Project_AFM_Controller_VS\Project_AFM_Controller_VS\Debug\main.dep
         Deleted file - F:\google_drive\project_STM32\VS2012\Project_AFM_Controller_VS\Project_AFM_Controller_VS\Debug\main.o
         Deleted file - F:\google_drive\project_STM32\VS2012\Project_AFM_Controller_VS\Project_AFM_Controller_VS\Debug\mbed_interface.dep
         Deleted file - F:\google_drive\project_STM32\VS2012\Project_AFM_Controller_VS\Project_AFM_Controller_VS\Debug\mbed_interface.o
         Deleted file - F:\google_drive\project_STM32\VS2012\Project_AFM_Controller_VS\Project_AFM_Controller_VS\Debug\mbed_overrides.dep
         Deleted file - F:\google_drive\project_STM32\VS2012\Project_AFM_Controller_VS\Project_AFM_Controller_VS\Debug\mbed_overrides.o
         Deleted file - F:\google_drive\project_STM32\VS2012\Project_AFM_Controller_VS\Project_AFM_Controller_VS\Debug\PeripheralPins.dep
         Deleted file - F:\google_drive\project_STM32\VS2012\Project_AFM_Controller_VS\Project_AFM_Controller_VS\Debug\PeripheralPins.o
         Deleted file - F:\google_drive\project_STM32\VS2012\Project_AFM_Controller_VS\Project_AFM_Controller_VS\Debug\PID_v1.dep
         Deleted file - F:\google_drive\project_STM32\VS2012\Project_AFM_Controller_VS\Project_AFM_Controller_VS\Debug\PID_v1.o
         Deleted file - F:\google_drive\project_STM32\VS2012\Project_AFM_Controller_VS\Project_AFM_Controller_VS\Debug\pinmap.dep
         Deleted file - F:\google_drive\project_STM32\VS2012\Project_AFM_Controller_VS\Project_AFM_Controller_VS\Debug\pinmap.o
         Deleted file - F:\google_drive\project_STM32\VS2012\Project_AFM_Controller_VS\Project_AFM_Controller_VS\Debug\pinmap_common.dep
         Deleted file - F:\google_drive\project_STM32\VS2012\Project_AFM_Controller_VS\Project_AFM_Controller_VS\Debug\pinmap_common.o
         Deleted file - F:\google_drive\project_STM32\VS2012\Project_AFM_Controller_VS\Project_AFM_Controller_VS\Debug\port_api.dep
         Deleted file - F:\google_drive\project_STM32\VS2012\Project_AFM_Controller_VS\Project_AFM_Controller_VS\Debug\port_api.o
         Deleted file - F:\google_drive\project_STM32\VS2012\Project_AFM_Controller_VS\Project_AFM_Controller_VS\Debug\Project_AFM_Controller_VS.bin
         Deleted file - F:\google_drive\project_STM32\VS2012\Project_AFM_Controller_VS\Project_AFM_Controller_VS\Debug\Project_AFM_Controller_VS.elf
         Deleted file - F:\google_drive\project_STM32\VS2012\Project_AFM_Controller_VS\Project_AFM_Controller_VS\Debug\Project_AFM_Controller_VS.ihex
         F:\google_drive\project_STM32\VS2012\Project_AFM_Controller_VS\Project_AFM_Controller_VS\Debug\Project_AFM_Controller_VS.log
         Deleted file - F:\google_drive\project_STM32\VS2012\Project_AFM_Controller_VS\Project_AFM_Controller_VS\Debug\pwmout_api.dep
         Deleted file - F:\google_drive\project_STM32\VS2012\Project_AFM_Controller_VS\Project_AFM_Controller_VS\Debug\pwmout_api.o
         Deleted file - F:\google_drive\project_STM32\VS2012\Project_AFM_Controller_VS\Project_AFM_Controller_VS\Debug\RawSerial.dep
         Deleted file - F:\google_drive\project_STM32\VS2012\Project_AFM_Controller_VS\Project_AFM_Controller_VS\Debug\RawSerial.o
         Deleted file - F:\google_drive\project_STM32\VS2012\Project_AFM_Controller_VS\Project_AFM_Controller_VS\Debug\retarget.dep
         Deleted file - F:\google_drive\project_STM32\VS2012\Project_AFM_Controller_VS\Project_AFM_Controller_VS\Debug\retarget.o
         Deleted file - F:\google_drive\project_STM32\VS2012\Project_AFM_Controller_VS\Project_AFM_Controller_VS\Debug\rtc_api.dep
         Deleted file - F:\google_drive\project_STM32\VS2012\Project_AFM_Controller_VS\Project_AFM_Controller_VS\Debug\rtc_api.o
         Deleted file - F:\google_drive\project_STM32\VS2012\Project_AFM_Controller_VS\Project_AFM_Controller_VS\Debug\rtc_time.dep
         Deleted file - F:\google_drive\project_STM32\VS2012\Project_AFM_Controller_VS\Project_AFM_Controller_VS\Debug\rtc_time.o
         Deleted file - F:\google_drive\project_STM32\VS2012\Project_AFM_Controller_VS\Project_AFM_Controller_VS\Debug\RunningMedian.dep
         Deleted file - F:\google_drive\project_STM32\VS2012\Project_AFM_Controller_VS\Project_AFM_Controller_VS\Debug\RunningMedian.o
         Deleted file - F:\google_drive\project_STM32\VS2012\Project_AFM_Controller_VS\Project_AFM_Controller_VS\Debug\semihost_api.dep
         Deleted file - F:\google_drive\project_STM32\VS2012\Project_AFM_Controller_VS\Project_AFM_Controller_VS\Debug\semihost_api.o
         Deleted file - F:\google_drive\project_STM32\VS2012\Project_AFM_Controller_VS\Project_AFM_Controller_VS\Debug\Serial.dep
         Deleted file - F:\google_drive\project_STM32\VS2012\Project_AFM_Controller_VS\Project_AFM_Controller_VS\Debug\Serial.o
         Deleted file - F:\google_drive\project_STM32\VS2012\Project_AFM_Controller_VS\Project_AFM_Controller_VS\Debug\SerialBase.dep
         Deleted file - F:\google_drive\project_STM32\VS2012\Project_AFM_Controller_VS\Project_AFM_Controller_VS\Debug\SerialBase.o
         Deleted file - F:\google_drive\project_STM32\VS2012\Project_AFM_Controller_VS\Project_AFM_Controller_VS\Debug\serial_api.dep
         Deleted file - F:\google_drive\project_STM32\VS2012\Project_AFM_Controller_VS\Project_AFM_Controller_VS\Debug\serial_api.o
         Deleted file - F:\google_drive\project_STM32\VS2012\Project_AFM_Controller_VS\Project_AFM_Controller_VS\Debug\sleep.dep
         Deleted file - F:\google_drive\project_STM32\VS2012\Project_AFM_Controller_VS\Project_AFM_Controller_VS\Debug\sleep.o
         Deleted file - F:\google_drive\project_STM32\VS2012\Project_AFM_Controller_VS\Project_AFM_Controller_VS\Debug\SPI.dep
         Deleted file - F:\google_drive\project_STM32\VS2012\Project_AFM_Controller_VS\Project_AFM_Controller_VS\Debug\SPI.o
         Deleted file - F:\google_drive\project_STM32\VS2012\Project_AFM_Controller_VS\Project_AFM_Controller_VS\Debug\SPISlave.dep
         Deleted file - F:\google_drive\project_STM32\VS2012\Project_AFM_Controller_VS\Project_AFM_Controller_VS\Debug\SPISlave.o
         Deleted file - F:\google_drive\project_STM32\VS2012\Project_AFM_Controller_VS\Project_AFM_Controller_VS\Debug\spi_api.dep
         Deleted file - F:\google_drive\project_STM32\VS2012\Project_AFM_Controller_VS\Project_AFM_Controller_VS\Debug\spi_api.o
         Deleted file - F:\google_drive\project_STM32\VS2012\Project_AFM_Controller_VS\Project_AFM_Controller_VS\Debug\startup_stm32f746xx.dep
         Deleted file - F:\google_drive\project_STM32\VS2012\Project_AFM_Controller_VS\Project_AFM_Controller_VS\Debug\startup_stm32f746xx.o
         Deleted file - F:\google_drive\project_STM32\VS2012\Project_AFM_Controller_VS\Project_AFM_Controller_VS\Debug\stm32f7xx_hal.dep
         Deleted file - F:\google_drive\project_STM32\VS2012\Project_AFM_Controller_VS\Project_AFM_Controller_VS\Debug\stm32f7xx_hal.o
         Deleted file - F:\google_drive\project_STM32\VS2012\Project_AFM_Controller_VS\Project_AFM_Controller_VS\Debug\stm32f7xx_hal_adc.dep
         Deleted file - F:\google_drive\project_STM32\VS2012\Project_AFM_Controller_VS\Project_AFM_Controller_VS\Debug\stm32f7xx_hal_adc.o
         Deleted file - F:\google_drive\project_STM32\VS2012\Project_AFM_Controller_VS\Project_AFM_Controller_VS\Debug\stm32f7xx_hal_adc_ex.dep
         Deleted file - F:\google_drive\project_STM32\VS2012\Project_AFM_Controller_VS\Project_AFM_Controller_VS\Debug\stm32f7xx_hal_adc_ex.o
         Deleted file - F:\google_drive\project_STM32\VS2012\Project_AFM_Controller_VS\Project_AFM_Controller_VS\Debug\stm32f7xx_hal_can.dep
         Deleted file - F:\google_drive\project_STM32\VS2012\Project_AFM_Controller_VS\Project_AFM_Controller_VS\Debug\stm32f7xx_hal_can.o
         Deleted file - F:\google_drive\project_STM32\VS2012\Project_AFM_Controller_VS\Project_AFM_Controller_VS\Debug\stm32f7xx_hal_cec.dep
         Deleted file - F:\google_drive\project_STM32\VS2012\Project_AFM_Controller_VS\Project_AFM_Controller_VS\Debug\stm32f7xx_hal_cec.o
         Deleted file - F:\google_drive\project_STM32\VS2012\Project_AFM_Controller_VS\Project_AFM_Controller_VS\Debug\stm32f7xx_hal_cortex.dep
         Deleted file - F:\google_drive\project_STM32\VS2012\Project_AFM_Controller_VS\Project_AFM_Controller_VS\Debug\stm32f7xx_hal_cortex.o
         Deleted file - F:\google_drive\project_STM32\VS2012\Project_AFM_Controller_VS\Project_AFM_Controller_VS\Debug\stm32f7xx_hal_crc.dep
         Deleted file - F:\google_drive\project_STM32\VS2012\Project_AFM_Controller_VS\Project_AFM_Controller_VS\Debug\stm32f7xx_hal_crc.o
         Deleted file - F:\google_drive\project_STM32\VS2012\Project_AFM_Controller_VS\Project_AFM_Controller_VS\Debug\stm32f7xx_hal_crc_ex.dep
         Deleted file - F:\google_drive\project_STM32\VS2012\Project_AFM_Controller_VS\Project_AFM_Controller_VS\Debug\stm32f7xx_hal_crc_ex.o
         Deleted file - F:\google_drive\project_STM32\VS2012\Project_AFM_Controller_VS\Project_AFM_Controller_VS\Debug\stm32f7xx_hal_cryp.dep
         Deleted file - F:\google_drive\project_STM32\VS2012\Project_AFM_Controller_VS\Project_AFM_Controller_VS\Debug\stm32f7xx_hal_cryp.o
         Deleted file - F:\google_drive\project_STM32\VS2012\Project_AFM_Controller_VS\Project_AFM_Controller_VS\Debug\stm32f7xx_hal_cryp_ex.dep
         Deleted file - F:\google_drive\project_STM32\VS2012\Project_AFM_Controller_VS\Project_AFM_Controller_VS\Debug\stm32f7xx_hal_cryp_ex.o
         Deleted file - F:\google_drive\project_STM32\VS2012\Project_AFM_Controller_VS\Project_AFM_Controller_VS\Debug\stm32f7xx_hal_dac.dep
         Deleted file - F:\google_drive\project_STM32\VS2012\Project_AFM_Controller_VS\Project_AFM_Controller_VS\Debug\stm32f7xx_hal_dac.o
         Deleted file - F:\google_drive\project_STM32\VS2012\Project_AFM_Controller_VS\Project_AFM_Controller_VS\Debug\stm32f7xx_hal_dac_ex.dep
         Deleted file - F:\google_drive\project_STM32\VS2012\Project_AFM_Controller_VS\Project_AFM_Controller_VS\Debug\stm32f7xx_hal_dac_ex.o
         Deleted file - F:\google_drive\project_STM32\VS2012\Project_AFM_Controller_VS\Project_AFM_Controller_VS\Debug\stm32f7xx_hal_dcmi.dep
         Deleted file - F:\google_drive\project_STM32\VS2012\Project_AFM_Controller_VS\Project_AFM_Controller_VS\Debug\stm32f7xx_hal_dcmi.o
         Deleted file - F:\google_drive\project_STM32\VS2012\Project_AFM_Controller_VS\Project_AFM_Controller_VS\Debug\stm32f7xx_hal_dcmi_ex.dep
         Deleted file - F:\google_drive\project_STM32\VS2012\Project_AFM_Controller_VS\Project_AFM_Controller_VS\Debug\stm32f7xx_hal_dcmi_ex.o
         Deleted file - F:\google_drive\project_STM32\VS2012\Project_AFM_Controller_VS\Project_AFM_Controller_VS\Debug\stm32f7xx_hal_dma.dep
         Deleted file - F:\google_drive\project_STM32\VS2012\Project_AFM_Controller_VS\Project_AFM_Controller_VS\Debug\stm32f7xx_hal_dma.o
         Deleted file - F:\google_drive\project_STM32\VS2012\Project_AFM_Controller_VS\Project_AFM_Controller_VS\Debug\stm32f7xx_hal_dma2d.dep
         Deleted file - F:\google_drive\project_STM32\VS2012\Project_AFM_Controller_VS\Project_AFM_Controller_VS\Debug\stm32f7xx_hal_dma2d.o
         Deleted file - F:\google_drive\project_STM32\VS2012\Project_AFM_Controller_VS\Project_AFM_Controller_VS\Debug\stm32f7xx_hal_dma_ex.dep
         Deleted file - F:\google_drive\project_STM32\VS2012\Project_AFM_Controller_VS\Project_AFM_Controller_VS\Debug\stm32f7xx_hal_dma_ex.o
         Deleted file - F:\google_drive\project_STM32\VS2012\Project_AFM_Controller_VS\Project_AFM_Controller_VS\Debug\stm32f7xx_hal_eth.dep
         Deleted file - F:\google_drive\project_STM32\VS2012\Project_AFM_Controller_VS\Project_AFM_Controller_VS\Debug\stm32f7xx_hal_eth.o
         Deleted file - F:\google_drive\project_STM32\VS2012\Project_AFM_Controller_VS\Project_AFM_Controller_VS\Debug\stm32f7xx_hal_flash.dep
         Deleted file - F:\google_drive\project_STM32\VS2012\Project_AFM_Controller_VS\Project_AFM_Controller_VS\Debug\stm32f7xx_hal_flash.o
         Deleted file - F:\google_drive\project_STM32\VS2012\Project_AFM_Controller_VS\Project_AFM_Controller_VS\Debug\stm32f7xx_hal_flash_ex.dep
         Deleted file - F:\google_drive\project_STM32\VS2012\Project_AFM_Controller_VS\Project_AFM_Controller_VS\Debug\stm32f7xx_hal_flash_ex.o
         Deleted file - F:\google_drive\project_STM32\VS2012\Project_AFM_Controller_VS\Project_AFM_Controller_VS\Debug\stm32f7xx_hal_gpio.dep
         Deleted file - F:\google_drive\project_STM32\VS2012\Project_AFM_Controller_VS\Project_AFM_Controller_VS\Debug\stm32f7xx_hal_gpio.o
         Deleted file - F:\google_drive\project_STM32\VS2012\Project_AFM_Controller_VS\Project_AFM_Controller_VS\Debug\stm32f7xx_hal_hash.dep
         Deleted file - F:\google_drive\project_STM32\VS2012\Project_AFM_Controller_VS\Project_AFM_Controller_VS\Debug\stm32f7xx_hal_hash.o
         Deleted file - F:\google_drive\project_STM32\VS2012\Project_AFM_Controller_VS\Project_AFM_Controller_VS\Debug\stm32f7xx_hal_hash_ex.dep
         Deleted file - F:\google_drive\project_STM32\VS2012\Project_AFM_Controller_VS\Project_AFM_Controller_VS\Debug\stm32f7xx_hal_hash_ex.o
         Deleted file - F:\google_drive\project_STM32\VS2012\Project_AFM_Controller_VS\Project_AFM_Controller_VS\Debug\stm32f7xx_hal_hcd.dep
         Deleted file - F:\google_drive\project_STM32\VS2012\Project_AFM_Controller_VS\Project_AFM_Controller_VS\Debug\stm32f7xx_hal_hcd.o
         Deleted file - F:\google_drive\project_STM32\VS2012\Project_AFM_Controller_VS\Project_AFM_Controller_VS\Debug\stm32f7xx_hal_i2c.dep
         Deleted file - F:\google_drive\project_STM32\VS2012\Project_AFM_Controller_VS\Project_AFM_Controller_VS\Debug\stm32f7xx_hal_i2c.o
         Deleted file - F:\google_drive\project_STM32\VS2012\Project_AFM_Controller_VS\Project_AFM_Controller_VS\Debug\stm32f7xx_hal_i2c_ex.dep
         Deleted file - F:\google_drive\project_STM32\VS2012\Project_AFM_Controller_VS\Project_AFM_Controller_VS\Debug\stm32f7xx_hal_i2c_ex.o
         Deleted file - F:\google_drive\project_STM32\VS2012\Project_AFM_Controller_VS\Project_AFM_Controller_VS\Debug\stm32f7xx_hal_i2s.dep
         Deleted file - F:\google_drive\project_STM32\VS2012\Project_AFM_Controller_VS\Project_AFM_Controller_VS\Debug\stm32f7xx_hal_i2s.o
         Deleted file - F:\google_drive\project_STM32\VS2012\Project_AFM_Controller_VS\Project_AFM_Controller_VS\Debug\stm32f7xx_hal_irda.dep
         Deleted file - F:\google_drive\project_STM32\VS2012\Project_AFM_Controller_VS\Project_AFM_Controller_VS\Debug\stm32f7xx_hal_irda.o
         Deleted file - F:\google_drive\project_STM32\VS2012\Project_AFM_Controller_VS\Project_AFM_Controller_VS\Debug\stm32f7xx_hal_iwdg.dep
         Deleted file - F:\google_drive\project_STM32\VS2012\Project_AFM_Controller_VS\Project_AFM_Controller_VS\Debug\stm32f7xx_hal_iwdg.o
         Deleted file - F:\google_drive\project_STM32\VS2012\Project_AFM_Controller_VS\Project_AFM_Controller_VS\Debug\stm32f7xx_hal_lptim.dep
         Deleted file - F:\google_drive\project_STM32\VS2012\Project_AFM_Controller_VS\Project_AFM_Controller_VS\Debug\stm32f7xx_hal_lptim.o
         Deleted file - F:\google_drive\project_STM32\VS2012\Project_AFM_Controller_VS\Project_AFM_Controller_VS\Debug\stm32f7xx_hal_ltdc.dep
         Deleted file - F:\google_drive\project_STM32\VS2012\Project_AFM_Controller_VS\Project_AFM_Controller_VS\Debug\stm32f7xx_hal_ltdc.o
         Deleted file - F:\google_drive\project_STM32\VS2012\Project_AFM_Controller_VS\Project_AFM_Controller_VS\Debug\stm32f7xx_hal_nand.dep
         Deleted file - F:\google_drive\project_STM32\VS2012\Project_AFM_Controller_VS\Project_AFM_Controller_VS\Debug\stm32f7xx_hal_nand.o
         Deleted file - F:\google_drive\project_STM32\VS2012\Project_AFM_Controller_VS\Project_AFM_Controller_VS\Debug\stm32f7xx_hal_nor.dep
         Deleted file - F:\google_drive\project_STM32\VS2012\Project_AFM_Controller_VS\Project_AFM_Controller_VS\Debug\stm32f7xx_hal_nor.o
         Deleted file - F:\google_drive\project_STM32\VS2012\Project_AFM_Controller_VS\Project_AFM_Controller_VS\Debug\stm32f7xx_hal_pcd.dep
         Deleted file - F:\google_drive\project_STM32\VS2012\Project_AFM_Controller_VS\Project_AFM_Controller_VS\Debug\stm32f7xx_hal_pcd.o
         Deleted file - F:\google_drive\project_STM32\VS2012\Project_AFM_Controller_VS\Project_AFM_Controller_VS\Debug\stm32f7xx_hal_pcd_ex.dep
         Deleted file - F:\google_drive\project_STM32\VS2012\Project_AFM_Controller_VS\Project_AFM_Controller_VS\Debug\stm32f7xx_hal_pcd_ex.o
         Deleted file - F:\google_drive\project_STM32\VS2012\Project_AFM_Controller_VS\Project_AFM_Controller_VS\Debug\stm32f7xx_hal_pwr.dep
         Deleted file - F:\google_drive\project_STM32\VS2012\Project_AFM_Controller_VS\Project_AFM_Controller_VS\Debug\stm32f7xx_hal_pwr.o
         Deleted file - F:\google_drive\project_STM32\VS2012\Project_AFM_Controller_VS\Project_AFM_Controller_VS\Debug\stm32f7xx_hal_pwr_ex.dep
         Deleted file - F:\google_drive\project_STM32\VS2012\Project_AFM_Controller_VS\Project_AFM_Controller_VS\Debug\stm32f7xx_hal_pwr_ex.o
         Deleted file - F:\google_drive\project_STM32\VS2012\Project_AFM_Controller_VS\Project_AFM_Controller_VS\Debug\stm32f7xx_hal_qspi.dep
         Deleted file - F:\google_drive\project_STM32\VS2012\Project_AFM_Controller_VS\Project_AFM_Controller_VS\Debug\stm32f7xx_hal_qspi.o
         Deleted file - F:\google_drive\project_STM32\VS2012\Project_AFM_Controller_VS\Project_AFM_Controller_VS\Debug\stm32f7xx_hal_rcc.dep
         Deleted file - F:\google_drive\project_STM32\VS2012\Project_AFM_Controller_VS\Project_AFM_Controller_VS\Debug\stm32f7xx_hal_rcc.o
         Deleted file - F:\google_drive\project_STM32\VS2012\Project_AFM_Controller_VS\Project_AFM_Controller_VS\Debug\stm32f7xx_hal_rcc_ex.dep
         Deleted file - F:\google_drive\project_STM32\VS2012\Project_AFM_Controller_VS\Project_AFM_Controller_VS\Debug\stm32f7xx_hal_rcc_ex.o
         Deleted file - F:\google_drive\project_STM32\VS2012\Project_AFM_Controller_VS\Project_AFM_Controller_VS\Debug\stm32f7xx_hal_rng.dep
         Deleted file - F:\google_drive\project_STM32\VS2012\Project_AFM_Controller_VS\Project_AFM_Controller_VS\Debug\stm32f7xx_hal_rng.o
         Deleted file - F:\google_drive\project_STM32\VS2012\Project_AFM_Controller_VS\Project_AFM_Controller_VS\Debug\stm32f7xx_hal_rtc.dep
         Deleted file - F:\google_drive\project_STM32\VS2012\Project_AFM_Controller_VS\Project_AFM_Controller_VS\Debug\stm32f7xx_hal_rtc.o
         Deleted file - F:\google_drive\project_STM32\VS2012\Project_AFM_Controller_VS\Project_AFM_Controller_VS\Debug\stm32f7xx_hal_rtc_ex.dep
         Deleted file - F:\google_drive\project_STM32\VS2012\Project_AFM_Controller_VS\Project_AFM_Controller_VS\Debug\stm32f7xx_hal_rtc_ex.o
         Deleted file - F:\google_drive\project_STM32\VS2012\Project_AFM_Controller_VS\Project_AFM_Controller_VS\Debug\stm32f7xx_hal_sai.dep
         Deleted file - F:\google_drive\project_STM32\VS2012\Project_AFM_Controller_VS\Project_AFM_Controller_VS\Debug\stm32f7xx_hal_sai.o
         Deleted file - F:\google_drive\project_STM32\VS2012\Project_AFM_Controller_VS\Project_AFM_Controller_VS\Debug\stm32f7xx_hal_sai_ex.dep
         Deleted file - F:\google_drive\project_STM32\VS2012\Project_AFM_Controller_VS\Project_AFM_Controller_VS\Debug\stm32f7xx_hal_sai_ex.o
         Deleted file - F:\google_drive\project_STM32\VS2012\Project_AFM_Controller_VS\Project_AFM_Controller_VS\Debug\stm32f7xx_hal_sd.dep
         Deleted file - F:\google_drive\project_STM32\VS2012\Project_AFM_Controller_VS\Project_AFM_Controller_VS\Debug\stm32f7xx_hal_sd.o
         Deleted file - F:\google_drive\project_STM32\VS2012\Project_AFM_Controller_VS\Project_AFM_Controller_VS\Debug\stm32f7xx_hal_sdram.dep
         Deleted file - F:\google_drive\project_STM32\VS2012\Project_AFM_Controller_VS\Project_AFM_Controller_VS\Debug\stm32f7xx_hal_sdram.o
         Deleted file - F:\google_drive\project_STM32\VS2012\Project_AFM_Controller_VS\Project_AFM_Controller_VS\Debug\stm32f7xx_hal_smartcard.dep
         Deleted file - F:\google_drive\project_STM32\VS2012\Project_AFM_Controller_VS\Project_AFM_Controller_VS\Debug\stm32f7xx_hal_smartcard.o
         Deleted file - F:\google_drive\project_STM32\VS2012\Project_AFM_Controller_VS\Project_AFM_Controller_VS\Debug\stm32f7xx_hal_smartcard_ex.dep
         Deleted file - F:\google_drive\project_STM32\VS2012\Project_AFM_Controller_VS\Project_AFM_Controller_VS\Debug\stm32f7xx_hal_smartcard_ex.o
         Deleted file - F:\google_drive\project_STM32\VS2012\Project_AFM_Controller_VS\Project_AFM_Controller_VS\Debug\stm32f7xx_hal_spdifrx.dep
         Deleted file - F:\google_drive\project_STM32\VS2012\Project_AFM_Controller_VS\Project_AFM_Controller_VS\Debug\stm32f7xx_hal_spdifrx.o
         Deleted file - F:\google_drive\project_STM32\VS2012\Project_AFM_Controller_VS\Project_AFM_Controller_VS\Debug\stm32f7xx_hal_spi.dep
         Deleted file - F:\google_drive\project_STM32\VS2012\Project_AFM_Controller_VS\Project_AFM_Controller_VS\Debug\stm32f7xx_hal_spi.o
         Deleted file - F:\google_drive\project_STM32\VS2012\Project_AFM_Controller_VS\Project_AFM_Controller_VS\Debug\stm32f7xx_hal_sram.dep
         Deleted file - F:\google_drive\project_STM32\VS2012\Project_AFM_Controller_VS\Project_AFM_Controller_VS\Debug\stm32f7xx_hal_sram.o
         Deleted file - F:\google_drive\project_STM32\VS2012\Project_AFM_Controller_VS\Project_AFM_Controller_VS\Debug\stm32f7xx_hal_tim.dep
         Deleted file - F:\google_drive\project_STM32\VS2012\Project_AFM_Controller_VS\Project_AFM_Controller_VS\Debug\stm32f7xx_hal_tim.o
         Deleted file - F:\google_drive\project_STM32\VS2012\Project_AFM_Controller_VS\Project_AFM_Controller_VS\Debug\stm32f7xx_hal_tim_ex.dep
         Deleted file - F:\google_drive\project_STM32\VS2012\Project_AFM_Controller_VS\Project_AFM_Controller_VS\Debug\stm32f7xx_hal_tim_ex.o
         Deleted file - F:\google_drive\project_STM32\VS2012\Project_AFM_Controller_VS\Project_AFM_Controller_VS\Debug\stm32f7xx_hal_uart.dep
         Deleted file - F:\google_drive\project_STM32\VS2012\Project_AFM_Controller_VS\Project_AFM_Controller_VS\Debug\stm32f7xx_hal_uart.o
         Deleted file - F:\google_drive\project_STM32\VS2012\Project_AFM_Controller_VS\Project_AFM_Controller_VS\Debug\stm32f7xx_hal_usart.dep
         Deleted file - F:\google_drive\project_STM32\VS2012\Project_AFM_Controller_VS\Project_AFM_Controller_VS\Debug\stm32f7xx_hal_usart.o
         Deleted file - F:\google_drive\project_STM32\VS2012\Project_AFM_Controller_VS\Project_AFM_Controller_VS\Debug\stm32f7xx_hal_wwdg.dep
         Deleted file - F:\google_drive\project_STM32\VS2012\Project_AFM_Controller_VS\Project_AFM_Controller_VS\Debug\stm32f7xx_hal_wwdg.o
         Deleted file - F:\google_drive\project_STM32\VS2012\Project_AFM_Controller_VS\Project_AFM_Controller_VS\Debug\stm32f7xx_ll_fmc.dep
         Deleted file - F:\google_drive\project_STM32\VS2012\Project_AFM_Controller_VS\Project_AFM_Controller_VS\Debug\stm32f7xx_ll_fmc.o
         Deleted file - F:\google_drive\project_STM32\VS2012\Project_AFM_Controller_VS\Project_AFM_Controller_VS\Debug\stm32f7xx_ll_sdmmc.dep
         Deleted file - F:\google_drive\project_STM32\VS2012\Project_AFM_Controller_VS\Project_AFM_Controller_VS\Debug\stm32f7xx_ll_sdmmc.o
         Deleted file - F:\google_drive\project_STM32\VS2012\Project_AFM_Controller_VS\Project_AFM_Controller_VS\Debug\stm32f7xx_ll_usb.dep
         Deleted file - F:\google_drive\project_STM32\VS2012\Project_AFM_Controller_VS\Project_AFM_Controller_VS\Debug\stm32f7xx_ll_usb.o
         Deleted file - F:\google_drive\project_STM32\VS2012\Project_AFM_Controller_VS\Project_AFM_Controller_VS\Debug\stm32fxxx_it.dep
         Deleted file - F:\google_drive\project_STM32\VS2012\Project_AFM_Controller_VS\Project_AFM_Controller_VS\Debug\stm32fxxx_it.o
         Deleted file - F:\google_drive\project_STM32\VS2012\Project_AFM_Controller_VS\Project_AFM_Controller_VS\Debug\Stream.dep
         Deleted file - F:\google_drive\project_STM32\VS2012\Project_AFM_Controller_VS\Project_AFM_Controller_VS\Debug\Stream.o
         Deleted file - F:\google_drive\project_STM32\VS2012\Project_AFM_Controller_VS\Project_AFM_Controller_VS\Debug\stubs.dep
         Deleted file - F:\google_drive\project_STM32\VS2012\Project_AFM_Controller_VS\Project_AFM_Controller_VS\Debug\stubs.o
         Deleted file - F:\google_drive\project_STM32\VS2012\Project_AFM_Controller_VS\Project_AFM_Controller_VS\Debug\SWSPI.dep
         Deleted file - F:\google_drive\project_STM32\VS2012\Project_AFM_Controller_VS\Project_AFM_Controller_VS\Debug\SWSPI.o
         Deleted file - F:\google_drive\project_STM32\VS2012\Project_AFM_Controller_VS\Project_AFM_Controller_VS\Debug\system_stm32f7xx.dep
         Deleted file - F:\google_drive\project_STM32\VS2012\Project_AFM_Controller_VS\Project_AFM_Controller_VS\Debug\system_stm32f7xx.o
         Deleted file - F:\google_drive\project_STM32\VS2012\Project_AFM_Controller_VS\Project_AFM_Controller_VS\Debug\Ticker.dep
         Deleted file - F:\google_drive\project_STM32\VS2012\Project_AFM_Controller_VS\Project_AFM_Controller_VS\Debug\Ticker.o
         Deleted file - F:\google_drive\project_STM32\VS2012\Project_AFM_Controller_VS\Project_AFM_Controller_VS\Debug\ticker_api.dep
         Deleted file - F:\google_drive\project_STM32\VS2012\Project_AFM_Controller_VS\Project_AFM_Controller_VS\Debug\ticker_api.o
         Deleted file - F:\google_drive\project_STM32\VS2012\Project_AFM_Controller_VS\Project_AFM_Controller_VS\Debug\Timeout.dep
         Deleted file - F:\google_drive\project_STM32\VS2012\Project_AFM_Controller_VS\Project_AFM_Controller_VS\Debug\Timeout.o
         Deleted file - F:\google_drive\project_STM32\VS2012\Project_AFM_Controller_VS\Project_AFM_Controller_VS\Debug\Timer.dep
         Deleted file - F:\google_drive\project_STM32\VS2012\Project_AFM_Controller_VS\Project_AFM_Controller_VS\Debug\Timer.o
         Deleted file - F:\google_drive\project_STM32\VS2012\Project_AFM_Controller_VS\Project_AFM_Controller_VS\Debug\TimerEvent.dep
         Deleted file - F:\google_drive\project_STM32\VS2012\Project_AFM_Controller_VS\Project_AFM_Controller_VS\Debug\TimerEvent.o
         Deleted file - F:\google_drive\project_STM32\VS2012\Project_AFM_Controller_VS\Project_AFM_Controller_VS\Debug\tm_stm32_adc.dep
         Deleted file - F:\google_drive\project_STM32\VS2012\Project_AFM_Controller_VS\Project_AFM_Controller_VS\Debug\tm_stm32_adc.o
         Deleted file - F:\google_drive\project_STM32\VS2012\Project_AFM_Controller_VS\Project_AFM_Controller_VS\Debug\tm_stm32_am2301.dep
         Deleted file - F:\google_drive\project_STM32\VS2012\Project_AFM_Controller_VS\Project_AFM_Controller_VS\Debug\tm_stm32_am2301.o
         Deleted file - F:\google_drive\project_STM32\VS2012\Project_AFM_Controller_VS\Project_AFM_Controller_VS\Debug\tm_stm32_bor.dep
         Deleted file - F:\google_drive\project_STM32\VS2012\Project_AFM_Controller_VS\Project_AFM_Controller_VS\Debug\tm_stm32_bor.o
         Deleted file - F:\google_drive\project_STM32\VS2012\Project_AFM_Controller_VS\Project_AFM_Controller_VS\Debug\tm_stm32_buffer.dep
         Deleted file - F:\google_drive\project_STM32\VS2012\Project_AFM_Controller_VS\Project_AFM_Controller_VS\Debug\tm_stm32_buffer.o
         Deleted file - F:\google_drive\project_STM32\VS2012\Project_AFM_Controller_VS\Project_AFM_Controller_VS\Debug\tm_stm32_button.dep
         Deleted file - F:\google_drive\project_STM32\VS2012\Project_AFM_Controller_VS\Project_AFM_Controller_VS\Debug\tm_stm32_button.o
         Deleted file - F:\google_drive\project_STM32\VS2012\Project_AFM_Controller_VS\Project_AFM_Controller_VS\Debug\tm_stm32_cpu_load.dep
         Deleted file - F:\google_drive\project_STM32\VS2012\Project_AFM_Controller_VS\Project_AFM_Controller_VS\Debug\tm_stm32_cpu_load.o
         Deleted file - F:\google_drive\project_STM32\VS2012\Project_AFM_Controller_VS\Project_AFM_Controller_VS\Debug\tm_stm32_crc.dep
         Deleted file - F:\google_drive\project_STM32\VS2012\Project_AFM_Controller_VS\Project_AFM_Controller_VS\Debug\tm_stm32_crc.o
         Deleted file - F:\google_drive\project_STM32\VS2012\Project_AFM_Controller_VS\Project_AFM_Controller_VS\Debug\tm_stm32_dac.dep
         Deleted file - F:\google_drive\project_STM32\VS2012\Project_AFM_Controller_VS\Project_AFM_Controller_VS\Debug\tm_stm32_dac.o
         Deleted file - F:\google_drive\project_STM32\VS2012\Project_AFM_Controller_VS\Project_AFM_Controller_VS\Debug\tm_stm32_delay.dep
         Deleted file - F:\google_drive\project_STM32\VS2012\Project_AFM_Controller_VS\Project_AFM_Controller_VS\Debug\tm_stm32_delay.o
         Deleted file - F:\google_drive\project_STM32\VS2012\Project_AFM_Controller_VS\Project_AFM_Controller_VS\Debug\tm_stm32_disco.dep
         Deleted file - F:\google_drive\project_STM32\VS2012\Project_AFM_Controller_VS\Project_AFM_Controller_VS\Debug\tm_stm32_disco.o
         Deleted file - F:\google_drive\project_STM32\VS2012\Project_AFM_Controller_VS\Project_AFM_Controller_VS\Debug\tm_stm32_dma2d_graphic.dep
         Deleted file - F:\google_drive\project_STM32\VS2012\Project_AFM_Controller_VS\Project_AFM_Controller_VS\Debug\tm_stm32_dma2d_graphic.o
         Deleted file - F:\google_drive\project_STM32\VS2012\Project_AFM_Controller_VS\Project_AFM_Controller_VS\Debug\tm_stm32_exti.dep
         Deleted file - F:\google_drive\project_STM32\VS2012\Project_AFM_Controller_VS\Project_AFM_Controller_VS\Debug\tm_stm32_exti.o
         Deleted file - F:\google_drive\project_STM32\VS2012\Project_AFM_Controller_VS\Project_AFM_Controller_VS\Debug\tm_stm32_fonts.dep
         Deleted file - F:\google_drive\project_STM32\VS2012\Project_AFM_Controller_VS\Project_AFM_Controller_VS\Debug\tm_stm32_fonts.o
         Deleted file - F:\google_drive\project_STM32\VS2012\Project_AFM_Controller_VS\Project_AFM_Controller_VS\Debug\tm_stm32_general.dep
         Deleted file - F:\google_drive\project_STM32\VS2012\Project_AFM_Controller_VS\Project_AFM_Controller_VS\Debug\tm_stm32_general.o
         Deleted file - F:\google_drive\project_STM32\VS2012\Project_AFM_Controller_VS\Project_AFM_Controller_VS\Debug\tm_stm32_gpio.dep
         Deleted file - F:\google_drive\project_STM32\VS2012\Project_AFM_Controller_VS\Project_AFM_Controller_VS\Debug\tm_stm32_gpio.o
         Deleted file - F:\google_drive\project_STM32\VS2012\Project_AFM_Controller_VS\Project_AFM_Controller_VS\Debug\tm_stm32_gps.dep
         Deleted file - F:\google_drive\project_STM32\VS2012\Project_AFM_Controller_VS\Project_AFM_Controller_VS\Debug\tm_stm32_gps.o
         Deleted file - F:\google_drive\project_STM32\VS2012\Project_AFM_Controller_VS\Project_AFM_Controller_VS\Debug\tm_stm32_hd44780.dep
         Deleted file - F:\google_drive\project_STM32\VS2012\Project_AFM_Controller_VS\Project_AFM_Controller_VS\Debug\tm_stm32_hd44780.o
         Deleted file - F:\google_drive\project_STM32\VS2012\Project_AFM_Controller_VS\Project_AFM_Controller_VS\Debug\tm_stm32_i2c.dep
         Deleted file - F:\google_drive\project_STM32\VS2012\Project_AFM_Controller_VS\Project_AFM_Controller_VS\Debug\tm_stm32_i2c.o
         Deleted file - F:\google_drive\project_STM32\VS2012\Project_AFM_Controller_VS\Project_AFM_Controller_VS\Debug\tm_stm32_id.dep
         Deleted file - F:\google_drive\project_STM32\VS2012\Project_AFM_Controller_VS\Project_AFM_Controller_VS\Debug\tm_stm32_id.o
         Deleted file - F:\google_drive\project_STM32\VS2012\Project_AFM_Controller_VS\Project_AFM_Controller_VS\Debug\tm_stm32_iwdg.dep
         Deleted file - F:\google_drive\project_STM32\VS2012\Project_AFM_Controller_VS\Project_AFM_Controller_VS\Debug\tm_stm32_iwdg.o
         Deleted file - F:\google_drive\project_STM32\VS2012\Project_AFM_Controller_VS\Project_AFM_Controller_VS\Debug\tm_stm32_lcd.dep
         Deleted file - F:\google_drive\project_STM32\VS2012\Project_AFM_Controller_VS\Project_AFM_Controller_VS\Debug\tm_stm32_lcd.o
         Deleted file - F:\google_drive\project_STM32\VS2012\Project_AFM_Controller_VS\Project_AFM_Controller_VS\Debug\tm_stm32_library_template.dep
         Deleted file - F:\google_drive\project_STM32\VS2012\Project_AFM_Controller_VS\Project_AFM_Controller_VS\Debug\tm_stm32_library_template.o
         Deleted file - F:\google_drive\project_STM32\VS2012\Project_AFM_Controller_VS\Project_AFM_Controller_VS\Debug\tm_stm32_onewire.dep
         Deleted file - F:\google_drive\project_STM32\VS2012\Project_AFM_Controller_VS\Project_AFM_Controller_VS\Debug\tm_stm32_onewire.o
         Deleted file - F:\google_drive\project_STM32\VS2012\Project_AFM_Controller_VS\Project_AFM_Controller_VS\Debug\tm_stm32_pvd.dep
         Deleted file - F:\google_drive\project_STM32\VS2012\Project_AFM_Controller_VS\Project_AFM_Controller_VS\Debug\tm_stm32_pvd.o
         Deleted file - F:\google_drive\project_STM32\VS2012\Project_AFM_Controller_VS\Project_AFM_Controller_VS\Debug\tm_stm32_rcc.dep
         Deleted file - F:\google_drive\project_STM32\VS2012\Project_AFM_Controller_VS\Project_AFM_Controller_VS\Debug\tm_stm32_rcc.o
         Deleted file - F:\google_drive\project_STM32\VS2012\Project_AFM_Controller_VS\Project_AFM_Controller_VS\Debug\tm_stm32_rng.dep
         Deleted file - F:\google_drive\project_STM32\VS2012\Project_AFM_Controller_VS\Project_AFM_Controller_VS\Debug\tm_stm32_rng.o
         Deleted file - F:\google_drive\project_STM32\VS2012\Project_AFM_Controller_VS\Project_AFM_Controller_VS\Debug\tm_stm32_rtc.dep
         Deleted file - F:\google_drive\project_STM32\VS2012\Project_AFM_Controller_VS\Project_AFM_Controller_VS\Debug\tm_stm32_rtc.o
         Deleted file - F:\google_drive\project_STM32\VS2012\Project_AFM_Controller_VS\Project_AFM_Controller_VS\Debug\tm_stm32_sdram.dep
         Deleted file - F:\google_drive\project_STM32\VS2012\Project_AFM_Controller_VS\Project_AFM_Controller_VS\Debug\tm_stm32_sdram.o
         Deleted file - F:\google_drive\project_STM32\VS2012\Project_AFM_Controller_VS\Project_AFM_Controller_VS\Debug\tm_stm32_spi.dep
         Deleted file - F:\google_drive\project_STM32\VS2012\Project_AFM_Controller_VS\Project_AFM_Controller_VS\Debug\tm_stm32_spi.o
         Deleted file - F:\google_drive\project_STM32\VS2012\Project_AFM_Controller_VS\Project_AFM_Controller_VS\Debug\tm_stm32_string.dep
         Deleted file - F:\google_drive\project_STM32\VS2012\Project_AFM_Controller_VS\Project_AFM_Controller_VS\Debug\tm_stm32_string.o
         Deleted file - F:\google_drive\project_STM32\VS2012\Project_AFM_Controller_VS\Project_AFM_Controller_VS\Debug\tm_stm32_touch.dep
         Deleted file - F:\google_drive\project_STM32\VS2012\Project_AFM_Controller_VS\Project_AFM_Controller_VS\Debug\tm_stm32_touch.o
         Deleted file - F:\google_drive\project_STM32\VS2012\Project_AFM_Controller_VS\Project_AFM_Controller_VS\Debug\tm_stm32_usart.dep
         Deleted file - F:\google_drive\project_STM32\VS2012\Project_AFM_Controller_VS\Project_AFM_Controller_VS\Debug\tm_stm32_usart.o
         Deleted file - F:\google_drive\project_STM32\VS2012\Project_AFM_Controller_VS\Project_AFM_Controller_VS\Debug\tm_stm32_usb.dep
         Deleted file - F:\google_drive\project_STM32\VS2012\Project_AFM_Controller_VS\Project_AFM_Controller_VS\Debug\tm_stm32_usb.o
         Deleted file - F:\google_drive\project_STM32\VS2012\Project_AFM_Controller_VS\Project_AFM_Controller_VS\Debug\tm_stm32_usb_device.dep
         Deleted file - F:\google_drive\project_STM32\VS2012\Project_AFM_Controller_VS\Project_AFM_Controller_VS\Debug\tm_stm32_usb_device.o
         Deleted file - F:\google_drive\project_STM32\VS2012\Project_AFM_Controller_VS\Project_AFM_Controller_VS\Debug\tm_stm32_usb_device_cdc.dep
         Deleted file - F:\google_drive\project_STM32\VS2012\Project_AFM_Controller_VS\Project_AFM_Controller_VS\Debug\tm_stm32_usb_device_cdc.o
         Deleted file - F:\google_drive\project_STM32\VS2012\Project_AFM_Controller_VS\Project_AFM_Controller_VS\Debug\usbd_audio.dep
         Deleted file - F:\google_drive\project_STM32\VS2012\Project_AFM_Controller_VS\Project_AFM_Controller_VS\Debug\usbd_audio.o
         Deleted file - F:\google_drive\project_STM32\VS2012\Project_AFM_Controller_VS\Project_AFM_Controller_VS\Debug\usbd_audio_if_template.dep
         Deleted file - F:\google_drive\project_STM32\VS2012\Project_AFM_Controller_VS\Project_AFM_Controller_VS\Debug\usbd_audio_if_template.o
         Deleted file - F:\google_drive\project_STM32\VS2012\Project_AFM_Controller_VS\Project_AFM_Controller_VS\Debug\usbd_cdc.dep
         Deleted file - F:\google_drive\project_STM32\VS2012\Project_AFM_Controller_VS\Project_AFM_Controller_VS\Debug\usbd_cdc.o
         Deleted file - F:\google_drive\project_STM32\VS2012\Project_AFM_Controller_VS\Project_AFM_Controller_VS\Debug\usbd_cdc_if.dep
         Deleted file - F:\google_drive\project_STM32\VS2012\Project_AFM_Controller_VS\Project_AFM_Controller_VS\Debug\usbd_cdc_if.o
         Deleted file - F:\google_drive\project_STM32\VS2012\Project_AFM_Controller_VS\Project_AFM_Controller_VS\Debug\usbd_conf.dep
         Deleted file - F:\google_drive\project_STM32\VS2012\Project_AFM_Controller_VS\Project_AFM_Controller_VS\Debug\usbd_conf.o
         Deleted file - F:\google_drive\project_STM32\VS2012\Project_AFM_Controller_VS\Project_AFM_Controller_VS\Debug\usbd_core.dep
         Deleted file - F:\google_drive\project_STM32\VS2012\Project_AFM_Controller_VS\Project_AFM_Controller_VS\Debug\usbd_core.o
         Deleted file - F:\google_drive\project_STM32\VS2012\Project_AFM_Controller_VS\Project_AFM_Controller_VS\Debug\usbd_ctlreq.dep
         Deleted file - F:\google_drive\project_STM32\VS2012\Project_AFM_Controller_VS\Project_AFM_Controller_VS\Debug\usbd_ctlreq.o
         Deleted file - F:\google_drive\project_STM32\VS2012\Project_AFM_Controller_VS\Project_AFM_Controller_VS\Debug\usbd_hid.dep
         Deleted file - F:\google_drive\project_STM32\VS2012\Project_AFM_Controller_VS\Project_AFM_Controller_VS\Debug\usbd_hid.o
         Deleted file - F:\google_drive\project_STM32\VS2012\Project_AFM_Controller_VS\Project_AFM_Controller_VS\Debug\usbd_ioreq.dep
         Deleted file - F:\google_drive\project_STM32\VS2012\Project_AFM_Controller_VS\Project_AFM_Controller_VS\Debug\usbd_ioreq.o
         Deleted file - F:\google_drive\project_STM32\VS2012\Project_AFM_Controller_VS\Project_AFM_Controller_VS\Debug\usbd_template.dep
         Deleted file - F:\google_drive\project_STM32\VS2012\Project_AFM_Controller_VS\Project_AFM_Controller_VS\Debug\usbd_template.o
         Deleted file - F:\google_drive\project_STM32\VS2012\Project_AFM_Controller_VS\Project_AFM_Controller_VS\Debug\USBSerial.dep
         Deleted file - F:\google_drive\project_STM32\VS2012\Project_AFM_Controller_VS\Project_AFM_Controller_VS\Debug\USBSerial.o
         Deleted file - F:\google_drive\project_STM32\VS2012\Project_AFM_Controller_VS\Project_AFM_Controller_VS\Debug\us_ticker.dep
         Deleted file - F:\google_drive\project_STM32\VS2012\Project_AFM_Controller_VS\Project_AFM_Controller_VS\Debug\us_ticker.o
         Deleted file - F:\google_drive\project_STM32\VS2012\Project_AFM_Controller_VS\Project_AFM_Controller_VS\Debug\us_ticker_api.dep
         Deleted file - F:\google_drive\project_STM32\VS2012\Project_AFM_Controller_VS\Project_AFM_Controller_VS\Debug\us_ticker_api.o
         Deleted file - F:\google_drive\project_STM32\VS2012\Project_AFM_Controller_VS\Project_AFM_Controller_VS\Debug\wait_api.dep
         Deleted file - F:\google_drive\project_STM32\VS2012\Project_AFM_Controller_VS\Project_AFM_Controller_VS\Debug\wait_api.o
     1>Done Building Project "F:\google_drive\project_STM32\VS2012\Project_AFM_Controller_VS\Project_AFM_Controller_VS\Project_AFM_Controller_VS.vcxproj" (Clean target(s)).

Build succeeded.

Time Elapsed 00:00:02.48
